Arguments: 
  /home/et/.nvm/versions/node/v14.15.4/bin/node /home/et/.nvm/versions/node/v14.15.4/bin/yarn build

PATH: 
  /tmp/yarn--1618829699167-0.7339522351491441:/mnt/d/coding/lgrdiscord/node_modules/.bin:/home/et/.config/yarn/link/node_modules/.bin:/home/et/.yarn/bin:/home/et/.nvm/versions/node/v14.15.4/libexec/lib/node_modules/npm/bin/node-gyp-bin:/home/et/.nvm/versions/node/v14.15.4/lib/node_modules/npm/bin/node-gyp-bin:/home/et/.nvm/versions/node/v14.15.4/bin/node_modules/npm/bin/node-gyp-bin:/home/et/.local/bin:/home/et/.nvm/versions/node/v14.15.4/bin:/usr/local/sbin:/usr/local/bin:/usr/sbin:/usr/bin:/sbin:/bin:/usr/games:/usr/local/games:/mnt/c/Program Files (x86)/VMware/VMware Workstation/bin/:/mnt/c/Program Files (x86)/Common Files/Oracle/Java/javapath:/mnt/c/Program Files (x86)/Common Files/Intel/Shared Libraries/redist/intel64/compiler:/mnt/c/Python39/Scripts/:/mnt/c/Python39/:/mnt/c/Windows/system32:/mnt/c/Windows:/mnt/c/Windows/System32/Wbem:/mnt/c/Windows/System32/WindowsPowerShell/v1.0/:/mnt/c/Windows/System32/OpenSSH/:/mnt/c/Program Files/Git/cmd:/mnt/c/ProgramData/chocolatey/bin:/mnt/c/Program Files (x86)/Yarn/bin/:/mnt/c/Users/ET/AppData/Local/Android/Sdk/platform-tools:/mnt/c/Program Files (x86)/NVIDIA Corporation/PhysX/Common:/mnt/c/Program Files/OpenJDK/openjdk-8u282-b08/bin:/mnt/c/Program Files/mingw-w64/x86_64-8.1.0-posix-seh-rt_v6-rev0/mingw64/bin:/mnt/c/WINDOWS/system32:/mnt/c/WINDOWS:/mnt/c/WINDOWS/System32/Wbem:/mnt/c/WINDOWS/System32/WindowsPowerShell/v1.0/:/mnt/c/WINDOWS/System32/OpenSSH/:/mnt/c/Program Files/nodejs/:/mnt/c/Users/ET/AppData/Local/Programs/Python/Python38/Scripts/:/mnt/c/Users/ET/AppData/Local/Programs/Python/Python38/:/mnt/c/Users/ET/AppData/Local/Microsoft/WindowsApps:/mnt/c/Users/ET/AppData/Local/Programs/Microsoft VS Code/bin:/mnt/c/Users/ET/AppData/Local/Yarn/bin:/mnt/c/Users/ET/AppData/Roaming/Python/Python39/Scripts:/mnt/c/Program Files/ngrok:/mnt/c/Program Files/mingw-w64/x86_64-8.1.0-posix-seh-rt_v6-rev0/mingw64/bin:/mnt/c/Program Files/scrcpy:/mnt/c/Users/ET/AppData/Roaming/npm:/snap/bin:/usr/lib/jvm/java-8-openjdk-amd64/bin:/home/et/Android/platform-tools:/home/et/Android/cmdline-tools/tools/bin

Yarn version: 
  1.22.10

Node version: 
  14.15.4

Platform: 
  linux x64

Trace: 
  Error: Cannot find module 'pnpapi'
  Require stack:
  - /home/et/.nvm/versions/node/v14.15.4/lib/node_modules/yarn/lib/cli.js
  - /home/et/.nvm/versions/node/v14.15.4/lib/node_modules/yarn/bin/yarn.js
  Require stack:
  - /home/et/.nvm/versions/node/v14.15.4/lib/node_modules/yarn/lib/cli.js
  - /home/et/.nvm/versions/node/v14.15.4/lib/node_modules/yarn/bin/yarn.js
      at Function.Module._resolveFilename (internal/modules/cjs/loader.js:880:15)
      at Function.external_module_.Module._resolveFilename (/mnt/d/coding/lgrdiscord/.pnp.js:9763:54)
      at Function.require.resolve (/home/et/.nvm/versions/node/v14.15.4/lib/node_modules/yarn/lib/v8-compile-cache.js:162:23)
      at /home/et/.nvm/versions/node/v14.15.4/lib/node_modules/yarn/lib/cli.js:34387:76
      at Generator.next (<anonymous>)
      at step (/home/et/.nvm/versions/node/v14.15.4/lib/node_modules/yarn/lib/cli.js:310:30)
      at /home/et/.nvm/versions/node/v14.15.4/lib/node_modules/yarn/lib/cli.js:321:13

npm manifest: 
  {
  	"name": "lgrdiscord",
  	"version": "1.0.0",
  	"description": "",
  	"engines": {
  		"node": "14.x",
  		"yarn": "*"
  	},
  	"main": "index.js",
  	"scripts": {
  		"test": "ts-node-dev --respawn --transpile-only --poll ./src/index.ts",
  		"lint": "prettier --write .",
  		"clean": "rimraf ./dist",
  		"build": "yarn clean && tsc",
  		"start": "yarn build && node dist/index.js"
  	},
  	"keywords": [],
  	"author": "",
  	"license": "MIT",
  	"devDependencies": {
  		"@commitlint/cli": "^12.1.1",
  		"@commitlint/config-angular": "^12.1.1",
  		"@types/glob": "^7",
  		"@types/node": "^14.14.37",
  		"@types/rimraf": "^3",
  		"husky": "^6.0.0",
  		"lint-staged": "^10.5.4",
  		"prettier": "^2.2.1",
  		"ts-node": "^9.1.1",
  		"ts-node-dev": "^1.1.6",
  		"typescript": "^4.2.4"
  	},
  	"husky": {
  		"hooks": {
  			"pre-commit": "yarn dlx @yarnpkg/doctor && lint-staged",
  			"commit-msg": "commitlint -E HUSKY_GIT_PARAMS"
  		}
  	},
  	"lint-staged": {
  		"*.ts": "prettier --write",
  		"*.js": "prettier --write"
  	},
  	"commitlint": {
  		"extends": [
  			"@commitlint/config-angular"
  		],
  		"rules": {
  			"scope-case": [
  				2,
  				"always",
  				"pascal-case"
  			],
  			"type-enum": [
  				2,
  				"always",
  				[
  					"chore",
  					"build",
  					"ci",
  					"docs",
  					"feat",
  					"fix",
  					"perf",
  					"refactor",
  					"revert",
  					"style",
  					"test"
  				]
  			]
  		}
  	},
  	"dependencies": {
  		"axios": "^0.21.1",
  		"cheerio": "^1.0.0-rc.6",
  		"consola": "^2.15.3",
  		"discord.js": "^12.5.3",
  		"dotenv": "^8.2.0",
  		"glob": "^7.1.6",
  		"nodemon": "^2.0.7",
  		"rimraf": "^3.0.2"
  	}
  }

yarn manifest: 
  No manifest

Lockfile: 
  No lockfile
